<?xml version="1.0" encoding="UTF-8"?>
<testng-results skipped="0" failed="0" total="1" passed="1">
  <reporter-output>
  </reporter-output>
  <suite name="Default suite" duration-ms="230219" started-at="2022-10-23T15:52:12Z" finished-at="2022-10-23T15:56:02Z">
    <groups>
    </groups>
    <test name="Default test" duration-ms="230219" started-at="2022-10-23T15:52:12Z" finished-at="2022-10-23T15:56:02Z">
      <class name="Scenarios.abc">
        <test-method status="PASS" signature="verify_purchase()[pri:0, instance:Scenarios.abc@48140564]" name="verify_purchase" duration-ms="230203" started-at="2022-10-23T21:22:12Z" finished-at="2022-10-23T21:26:02Z">
          <reporter-output>
          </reporter-output>
        </test-method> <!-- verify_purchase -->
      </class> <!-- Scenarios.abc -->
    </test> <!-- Default test -->
  </suite> <!-- Default suite -->
</testng-results>
